<?xml version="1.0" encoding="UTF-8"?>
<!-- Generated by org.testng.reporters.JUnitXMLReporter -->
<testsuite ignored="0" hostname="DESKTOP-5BLSHV6" failures="1" tests="3" name="Task_MDIV0.1" time="310.907" errors="0" timestamp="2023-07-24T17:44:28 EET">
  <testcase classname="Testing_Package.testall" name="login_with_nonREjesterdEmail" time="31.632"/>
  <testcase classname="Testing_Package.testall" name="added_Items" time="70.19">
    <failure type="org.openqa.selenium.TimeoutException" message="Expected condition failed: waiting for visibility of element located by By.id: nav-cart-count-container (tried for 12 second(s) with 2000 milliseconds interval)
Build info: version: &amp;apos;4.9.1&amp;apos;, revision: &amp;apos;eb2032df7f&amp;apos;
System info: os.name: &amp;apos;Windows 11&amp;apos;, os.arch: &amp;apos;amd64&amp;apos;, os.version: &amp;apos;10.0&amp;apos;, java.version: &amp;apos;20.0.1&amp;apos;
Driver info: driver.version: unknown">
      <![CDATA[org.openqa.selenium.TimeoutException: Expected condition failed: waiting for visibility of element located by By.id: nav-cart-count-container (tried for 12 second(s) with 2000 milliseconds interval)
Build info: version: '4.9.1', revision: 'eb2032df7f'
System info: os.name: 'Windows 11', os.arch: 'amd64', os.version: '10.0', java.version: '20.0.1'
Driver info: driver.version: unknown
at org.openqa.selenium.support.ui.FluentWait.timeoutException(FluentWait.java:263)
at org.openqa.selenium.support.ui.FluentWait.until(FluentWait.java:231)
at Pages.TodayDeals_Page.GotoCarte_page(TodayDeals_Page.java:115)
at Testing_Package.testall.added_Items(testall.java:49)
at java.base/java.util.ArrayList.forEach(ArrayList.java:1511)
at com.intellij.rt.testng.IDEARemoteTestNG.run(IDEARemoteTestNG.java:66)
at com.intellij.rt.testng.RemoteTestNGStarter.main(RemoteTestNGStarter.java:105)
... Removed 22 stack frames]]>
    </failure>
  </testcase> <!-- added_Items -->
  <testcase classname="Testing_Package.testall" name="Scenario_3" time="38.474"/>
</testsuite> <!-- Task_MDIV0.1 -->
