<?xml version="1.0" encoding="UTF-8"?>
<testng-results ignored="0" total="3" passed="2" failed="1" skipped="0">
  <reporter-output>
  </reporter-output>
  <suite started-at="2023-07-24T17:39:17 EET" name="Default Suite" finished-at="2023-07-24T17:44:27 EET" duration-ms="310907">
    <groups>
    </groups>
    <test started-at="2023-07-24T17:39:17 EET" name="Task_MDIV0.1" finished-at="2023-07-24T17:44:27 EET" duration-ms="310907">
      <class name="Testing_Package.testall">
        <test-method is-config="true" signature="start()[pri:0, instance:Testing_Package.testall@57d5872c]" started-at="2023-07-24T17:39:17 EET" name="start" finished-at="2023-07-24T17:40:20 EET" duration-ms="63218" status="PASS">
          <reporter-output>
          </reporter-output>
        </test-method> <!-- start -->
        <test-method signature="login_with_nonREjesterdEmail()[pri:1, instance:Testing_Package.testall@57d5872c]" started-at="2023-07-24T17:40:20 EET" name="login_with_nonREjesterdEmail" finished-at="2023-07-24T17:40:52 EET" duration-ms="31632" status="PASS">
          <reporter-output>
          </reporter-output>
        </test-method> <!-- login_with_nonREjesterdEmail -->
        <test-method is-config="true" signature="end(org.testng.ITestResult)[pri:0, instance:Testing_Package.testall@57d5872c]" started-at="2023-07-24T17:40:52 EET" name="end" finished-at="2023-07-24T17:40:52 EET" duration-ms="722" status="PASS">
          <params>
            <param index="0">
              <value>
                <![CDATA[[TestResult name=login_with_nonREjesterdEmail status=SUCCESS method=testall.login_with_nonREjesterdEmail()[pri:1, instance:Testing_Package.testall@57d5872c] output={null}]]]>
              </value>
            </param>
          </params>
          <reporter-output>
          </reporter-output>
        </test-method> <!-- end -->
        <test-method is-config="true" signature="start()[pri:0, instance:Testing_Package.testall@57d5872c]" started-at="2023-07-24T17:40:52 EET" name="start" finished-at="2023-07-24T17:41:38 EET" duration-ms="45933" status="PASS">
          <reporter-output>
          </reporter-output>
        </test-method> <!-- start -->
        <test-method signature="added_Items()[pri:2, instance:Testing_Package.testall@57d5872c]" started-at="2023-07-24T17:41:38 EET" name="added_Items" finished-at="2023-07-24T17:42:48 EET" duration-ms="70190" status="FAIL">
          <exception class="org.openqa.selenium.TimeoutException">
            <message>
              <![CDATA[Expected condition failed: waiting for visibility of element located by By.id: nav-cart-count-container (tried for 12 second(s) with 2000 milliseconds interval)
Build info: version: '4.9.1', revision: 'eb2032df7f'
System info: os.name: 'Windows 11', os.arch: 'amd64', os.version: '10.0', java.version: '20.0.1'
Driver info: driver.version: unknown]]>
            </message>
            <full-stacktrace>
              <![CDATA[org.openqa.selenium.TimeoutException: Expected condition failed: waiting for visibility of element located by By.id: nav-cart-count-container (tried for 12 second(s) with 2000 milliseconds interval)
Build info: version: '4.9.1', revision: 'eb2032df7f'
System info: os.name: 'Windows 11', os.arch: 'amd64', os.version: '10.0', java.version: '20.0.1'
Driver info: driver.version: unknown
at org.openqa.selenium.support.ui.FluentWait.timeoutException(FluentWait.java:263)
at org.openqa.selenium.support.ui.FluentWait.until(FluentWait.java:231)
at Pages.TodayDeals_Page.GotoCarte_page(TodayDeals_Page.java:115)
at Testing_Package.testall.added_Items(testall.java:49)
at java.base/jdk.internal.reflect.DirectMethodHandleAccessor.invoke(DirectMethodHandleAccessor.java:104)
at java.base/java.lang.reflect.Method.invoke(Method.java:578)
at org.testng.internal.invokers.MethodInvocationHelper.invokeMethod(MethodInvocationHelper.java:139)
at org.testng.internal.invokers.TestInvoker.invokeMethod(TestInvoker.java:677)
at org.testng.internal.invokers.TestInvoker.invokeTestMethod(TestInvoker.java:221)
at org.testng.internal.invokers.MethodRunner.runInSequence(MethodRunner.java:50)
at org.testng.internal.invokers.TestInvoker$MethodInvocationAgent.invoke(TestInvoker.java:969)
at org.testng.internal.invokers.TestInvoker.invokeTestMethods(TestInvoker.java:194)
at org.testng.internal.invokers.TestMethodWorker.invokeTestMethods(TestMethodWorker.java:148)
at org.testng.internal.invokers.TestMethodWorker.run(TestMethodWorker.java:128)
at java.base/java.util.ArrayList.forEach(ArrayList.java:1511)
at org.testng.TestRunner.privateRun(TestRunner.java:829)
at org.testng.TestRunner.run(TestRunner.java:602)
at org.testng.SuiteRunner.runTest(SuiteRunner.java:437)
at org.testng.SuiteRunner.runSequentially(SuiteRunner.java:431)
at org.testng.SuiteRunner.privateRun(SuiteRunner.java:391)
at org.testng.SuiteRunner.run(SuiteRunner.java:330)
at org.testng.SuiteRunnerWorker.runSuite(SuiteRunnerWorker.java:52)
at org.testng.SuiteRunnerWorker.run(SuiteRunnerWorker.java:95)
at org.testng.TestNG.runSuitesSequentially(TestNG.java:1256)
at org.testng.TestNG.runSuitesLocally(TestNG.java:1176)
at org.testng.TestNG.runSuites(TestNG.java:1099)
at org.testng.TestNG.run(TestNG.java:1067)
at com.intellij.rt.testng.IDEARemoteTestNG.run(IDEARemoteTestNG.java:66)
at com.intellij.rt.testng.RemoteTestNGStarter.main(RemoteTestNGStarter.java:105)
]]>
            </full-stacktrace>
          </exception> <!-- org.openqa.selenium.TimeoutException -->
          <reporter-output>
          </reporter-output>
        </test-method> <!-- added_Items -->
        <test-method is-config="true" signature="end(org.testng.ITestResult)[pri:0, instance:Testing_Package.testall@57d5872c]" started-at="2023-07-24T17:42:49 EET" name="end" finished-at="2023-07-24T17:43:00 EET" duration-ms="11621" status="PASS">
          <params>
            <param index="0">
              <value>
                <![CDATA[[TestResult name=added_Items status=FAILURE method=testall.added_Items()[pri:2, instance:Testing_Package.testall@57d5872c] output={null}]]]>
              </value>
            </param>
          </params>
          <reporter-output>
          </reporter-output>
        </test-method> <!-- end -->
        <test-method is-config="true" signature="start()[pri:0, instance:Testing_Package.testall@57d5872c]" started-at="2023-07-24T17:43:00 EET" name="start" finished-at="2023-07-24T17:43:48 EET" duration-ms="47619" status="PASS">
          <reporter-output>
          </reporter-output>
        </test-method> <!-- start -->
        <test-method signature="Scenario_3()[pri:3, instance:Testing_Package.testall@57d5872c]" started-at="2023-07-24T17:43:48 EET" name="Scenario_3" finished-at="2023-07-24T17:44:26 EET" duration-ms="38474" status="PASS">
          <reporter-output>
          </reporter-output>
        </test-method> <!-- Scenario_3 -->
        <test-method is-config="true" signature="end(org.testng.ITestResult)[pri:0, instance:Testing_Package.testall@57d5872c]" started-at="2023-07-24T17:44:26 EET" name="end" finished-at="2023-07-24T17:44:27 EET" duration-ms="1254" status="PASS">
          <params>
            <param index="0">
              <value>
                <![CDATA[[TestResult name=Scenario_3 status=SUCCESS method=testall.Scenario_3()[pri:3, instance:Testing_Package.testall@57d5872c] output={null}]]]>
              </value>
            </param>
          </params>
          <reporter-output>
          </reporter-output>
        </test-method> <!-- end -->
      </class> <!-- Testing_Package.testall -->
    </test> <!-- Task_MDIV0.1 -->
  </suite> <!-- Default Suite -->
</testng-results>
